# JRE version: OpenJDK Runtime Environment (21.0.6) (build 21.0.6+-13391695-b895.109)
# Java VM: OpenJDK 64-Bit Server VM (21.0.6+-13391695-b895.109, mixed mode, tiered, compressed oops, compressed class ptrs, g1 gc, windows-amd64)
GC Precious Log:
 CardTable entry size: 512
 Card Set container configuration: InlinePtr #cards 5 size 8 Array Of Cards #cards 12 size 40 Howl #buckets 4 coarsen threshold 1843 Howl Bitmap #cards 512 size 80 coarsen threshold 460 Card regions per heap region 1 cards per card region 2048
 CPUs: 8 total, 8 available
 Memory: 6021M
 Large Page Support: Disabled
 NUMA Support: Disabled
 Compressed Oops: Enabled (32-bit)
 Heap Region Size: 1M
 Heap Min Capacity: 8M
 Heap Initial Capacity: 96M
 Heap Max Capacity: 2G
 Pre-touch: Disabled
 Parallel Workers: 8
 Concurrent Workers: 2
 Concurrent Refinement Workers: 8
 Periodic GC: Disabled
Heap:
 garbage-first heap   total 155648K, used 100221K [0x0000000080000000, 0x0000000100000000)
  region size 1024K, 4 young (4096K), 4 survivors (4096K)
 Metaspace       used 69077K, committed 70848K, reserved 1114112K
  class space    used 9312K, committed 10176K, reserved 1048576K
GC Heap History (20 events):
Event: 6.824 GC heap after
{Heap after GC invocations=15 (full 0):
 garbage-first heap   total 109568K, used 68647K [0x0000000080000000, 0x0000000100000000)
  region size 1024K, 5 young (5120K), 5 survivors (5120K)
 Metaspace       used 49347K, committed 50496K, reserved 1114112K
  class space    used 6483K, committed 7040K, reserved 1048576K
}
Event: 7.261 GC heap before
{Heap before GC invocations=15 (full 0):
 garbage-first heap   total 109568K, used 97319K [0x0000000080000000, 0x0000000100000000)
  region size 1024K, 33 young (33792K), 5 survivors (5120K)
 Metaspace       used 52688K, committed 54144K, reserved 1114112K
  class space    used 7042K, committed 7744K, reserved 1048576K
}
Event: 7.266 GC heap after
{Heap after GC invocations=16 (full 0):
 garbage-first heap   total 109568K, used 70217K [0x0000000080000000, 0x0000000100000000)
  region size 1024K, 2 young (2048K), 2 survivors (2048K)
 Metaspace       used 52688K, committed 54144K, reserved 1114112K
  class space    used 7042K, committed 7744K, reserved 1048576K
}
Event: 7.740 GC heap before
{Heap before GC invocations=17 (full 0):
 garbage-first heap   total 117760K, used 99913K [0x0000000080000000, 0x0000000100000000)
  region size 1024K, 31 young (31744K), 2 survivors (2048K)
 Metaspace       used 56178K, committed 57728K, reserved 1114112K
  class space    used 7639K, committed 8384K, reserved 1048576K
}
Event: 7.744 GC heap after
{Heap after GC invocations=18 (full 0):
 garbage-first heap   total 117760K, used 71486K [0x0000000080000000, 0x0000000100000000)
  region size 1024K, 3 young (3072K), 3 survivors (3072K)
 Metaspace       used 56178K, committed 57728K, reserved 1114112K
  class space    used 7639K, committed 8384K, reserved 1048576K
}
Event: 8.351 GC heap before
{Heap before GC invocations=18 (full 0):
 garbage-first heap   total 117760K, used 108350K [0x0000000080000000, 0x0000000100000000)
  region size 1024K, 38 young (38912K), 3 survivors (3072K)
 Metaspace       used 59965K, committed 61568K, reserved 1114112K
  class space    used 8277K, committed 9088K, reserved 1048576K
}
Event: 8.358 GC heap after
{Heap after GC invocations=19 (full 0):
 garbage-first heap   total 117760K, used 76049K [0x0000000080000000, 0x0000000100000000)
  region size 1024K, 5 young (5120K), 5 survivors (5120K)
 Metaspace       used 59965K, committed 61568K, reserved 1114112K
  class space    used 8277K, committed 9088K, reserved 1048576K
}
Event: 8.552 GC heap before
{Heap before GC invocations=19 (full 0):
 garbage-first heap   total 117760K, used 104721K [0x0000000080000000, 0x0000000100000000)
  region size 1024K, 33 young (33792K), 5 survivors (5120K)
 Metaspace       used 60126K, committed 61760K, reserved 1114112K
  class space    used 8277K, committed 9088K, reserved 1048576K
}
Event: 8.590 GC heap after
{Heap after GC invocations=20 (full 0):
 garbage-first heap   total 141312K, used 77800K [0x0000000080000000, 0x0000000100000000)
  region size 1024K, 2 young (2048K), 2 survivors (2048K)
 Metaspace       used 60126K, committed 61760K, reserved 1114112K
  class space    used 8277K, committed 9088K, reserved 1048576K
}
Event: 8.891 GC heap before
{Heap before GC invocations=21 (full 0):
 garbage-first heap   total 141312K, used 129000K [0x0000000080000000, 0x0000000100000000)
  region size 1024K, 52 young (53248K), 2 survivors (2048K)
 Metaspace       used 60166K, committed 61760K, reserved 1114112K
  class space    used 8279K, committed 9088K, reserved 1048576K
}
Event: 8.913 GC heap after
{Heap after GC invocations=22 (full 0):
 garbage-first heap   total 141312K, used 78533K [0x0000000080000000, 0x0000000100000000)
  region size 1024K, 3 young (3072K), 3 survivors (3072K)
 Metaspace       used 60166K, committed 61760K, reserved 1114112K
  class space    used 8279K, committed 9088K, reserved 1048576K
}
Event: 9.326 GC heap before
{Heap before GC invocations=22 (full 0):
 garbage-first heap   total 141312K, used 128709K [0x0000000080000000, 0x0000000100000000)
  region size 1024K, 52 young (53248K), 3 survivors (3072K)
 Metaspace       used 61142K, committed 62784K, reserved 1114112K
  class space    used 8408K, committed 9216K, reserved 1048576K
}
Event: 9.331 GC heap after
{Heap after GC invocations=23 (full 0):
 garbage-first heap   total 141312K, used 80179K [0x0000000080000000, 0x0000000100000000)
  region size 1024K, 5 young (5120K), 5 survivors (5120K)
 Metaspace       used 61142K, committed 62784K, reserved 1114112K
  class space    used 8408K, committed 9216K, reserved 1048576K
}
Event: 9.939 GC heap before
{Heap before GC invocations=23 (full 0):
 garbage-first heap   total 141312K, used 104755K [0x0000000080000000, 0x0000000100000000)
  region size 1024K, 30 young (30720K), 5 survivors (5120K)
 Metaspace       used 63494K, committed 65088K, reserved 1114112K
  class space    used 8666K, committed 9472K, reserved 1048576K
}
Event: 9.944 GC heap after
{Heap after GC invocations=24 (full 0):
 garbage-first heap   total 141312K, used 82636K [0x0000000080000000, 0x0000000100000000)
  region size 1024K, 6 young (6144K), 6 survivors (6144K)
 Metaspace       used 63494K, committed 65088K, reserved 1114112K
  class space    used 8666K, committed 9472K, reserved 1048576K
}
Event: 10.121 GC heap before
{Heap before GC invocations=25 (full 0):
 garbage-first heap   total 152576K, used 132812K [0x0000000080000000, 0x0000000100000000)
  region size 1024K, 48 young (49152K), 6 survivors (6144K)
 Metaspace       used 63563K, committed 65152K, reserved 1114112K
  class space    used 8669K, committed 9472K, reserved 1048576K
}
Event: 10.146 GC heap after
{Heap after GC invocations=26 (full 0):
 garbage-first heap   total 152576K, used 91159K [0x0000000080000000, 0x0000000100000000)
  region size 1024K, 4 young (4096K), 4 survivors (4096K)
 Metaspace       used 63563K, committed 65152K, reserved 1114112K
  class space    used 8669K, committed 9472K, reserved 1048576K
}
Event: 11.307 GC heap before
{Heap before GC invocations=26 (full 0):
 garbage-first heap   total 152576K, used 147479K [0x0000000080000000, 0x0000000100000000)
  region size 1024K, 51 young (52224K), 4 survivors (4096K)
 Metaspace       used 66560K, committed 68288K, reserved 1114112K
  class space    used 8946K, committed 9792K, reserved 1048576K
}
Event: 11.364 GC heap after
{Heap after GC invocations=27 (full 0):
 garbage-first heap   total 155648K, used 98907K [0x0000000080000000, 0x0000000100000000)
  region size 1024K, 5 young (5120K), 5 survivors (5120K)
 Metaspace       used 66560K, committed 68288K, reserved 1114112K
  class space    used 8946K, committed 9792K, reserved 1048576K
}
Event: 11.875 GC heap before
{Heap before GC invocations=27 (full 0):
 garbage-first heap   total 155648K, used 140891K [0x0000000080000000, 0x0000000100000000)
  region size 1024K, 46 young (47104K), 5 survivors (5120K)
 Metaspace       used 69077K, committed 70848K, reserved 1114112K
  class space    used 9312K, committed 10176K, reserved 1048576K
}

